ts=2024-05-29T01:14:22.673Z caller=node_exporter.go:193 level=info msg="Starting node_exporter" version="(version=1.8.0, branch=HEAD, revision=cadb1d1190ad95c66b951758f01ff4c94e55e6ce)"
ts=2024-05-29T01:14:22.674Z caller=node_exporter.go:194 level=info msg="Build context" build_context="(go=go1.22.2, platform=linux/arm64, user=root@587d3f12650c, date=20240424-13:16:18, tags=unknown)"
ts=2024-05-29T01:14:22.676Z caller=diskstats_common.go:111 level=info collector=diskstats msg="Parsed flag --collector.diskstats.device-exclude" flag=^(z?ram|loop|fd|(h|s|v|xv)d[a-z]|nvme\d+n\d+p)\d+$
ts=2024-05-29T01:14:22.676Z caller=diskstats_linux.go:265 level=error collector=diskstats msg="Failed to open directory, disabling udev device properties" path=/run/udev/data
ts=2024-05-29T01:14:22.676Z caller=filesystem_common.go:111 level=info collector=filesystem msg="Parsed flag --collector.filesystem.mount-points-exclude" flag=^/(dev|proc|run/credentials/.+|sys|var/lib/docker/.+|var/lib/containers/storage/.+)($|/)
ts=2024-05-29T01:14:22.676Z caller=filesystem_common.go:113 level=info collector=filesystem msg="Parsed flag --collector.filesystem.fs-types-exclude" flag=^(autofs|binfmt_misc|bpf|cgroup2?|configfs|debugfs|devpts|devtmpfs|fusectl|hugetlbfs|iso9660|mqueue|nsfs|overlay|proc|procfs|pstore|rpc_pipefs|securityfs|selinuxfs|squashfs|sysfs|tracefs)$
ts=2024-05-29T01:14:22.677Z caller=node_exporter.go:111 level=info msg="Enabled collectors"
ts=2024-05-29T01:14:22.677Z caller=node_exporter.go:118 level=info collector=arp
ts=2024-05-29T01:14:22.677Z caller=node_exporter.go:118 level=info collector=bcache
ts=2024-05-29T01:14:22.677Z caller=node_exporter.go:118 level=info collector=bonding
ts=2024-05-29T01:14:22.677Z caller=node_exporter.go:118 level=info collector=btrfs
ts=2024-05-29T01:14:22.677Z caller=node_exporter.go:118 level=info collector=conntrack
ts=2024-05-29T01:14:22.677Z caller=node_exporter.go:118 level=info collector=cpu
ts=2024-05-29T01:14:22.677Z caller=node_exporter.go:118 level=info collector=cpufreq
ts=2024-05-29T01:14:22.677Z caller=node_exporter.go:118 level=info collector=diskstats
ts=2024-05-29T01:14:22.678Z caller=node_exporter.go:118 level=info collector=dmi
ts=2024-05-29T01:14:22.678Z caller=node_exporter.go:118 level=info collector=edac
ts=2024-05-29T01:14:22.678Z caller=node_exporter.go:118 level=info collector=entropy
ts=2024-05-29T01:14:22.678Z caller=node_exporter.go:118 level=info collector=fibrechannel
ts=2024-05-29T01:14:22.678Z caller=node_exporter.go:118 level=info collector=filefd
ts=2024-05-29T01:14:22.678Z caller=node_exporter.go:118 level=info collector=filesystem
ts=2024-05-29T01:14:22.678Z caller=node_exporter.go:118 level=info collector=hwmon
ts=2024-05-29T01:14:22.678Z caller=node_exporter.go:118 level=info collector=infiniband
ts=2024-05-29T01:14:22.678Z caller=node_exporter.go:118 level=info collector=ipvs
ts=2024-05-29T01:14:22.678Z caller=node_exporter.go:118 level=info collector=loadavg
ts=2024-05-29T01:14:22.679Z caller=node_exporter.go:118 level=info collector=mdadm
ts=2024-05-29T01:14:22.679Z caller=node_exporter.go:118 level=info collector=meminfo
ts=2024-05-29T01:14:22.679Z caller=node_exporter.go:118 level=info collector=netclass
ts=2024-05-29T01:14:22.679Z caller=node_exporter.go:118 level=info collector=netdev
ts=2024-05-29T01:14:22.679Z caller=node_exporter.go:118 level=info collector=netstat
ts=2024-05-29T01:14:22.679Z caller=node_exporter.go:118 level=info collector=nfs
ts=2024-05-29T01:14:22.679Z caller=node_exporter.go:118 level=info collector=nfsd
ts=2024-05-29T01:14:22.679Z caller=node_exporter.go:118 level=info collector=nvme
ts=2024-05-29T01:14:22.679Z caller=node_exporter.go:118 level=info collector=os
ts=2024-05-29T01:14:22.679Z caller=node_exporter.go:118 level=info collector=powersupplyclass
ts=2024-05-29T01:14:22.680Z caller=node_exporter.go:118 level=info collector=pressure
ts=2024-05-29T01:14:22.680Z caller=node_exporter.go:118 level=info collector=rapl
ts=2024-05-29T01:14:22.680Z caller=node_exporter.go:118 level=info collector=schedstat
ts=2024-05-29T01:14:22.680Z caller=node_exporter.go:118 level=info collector=selinux
ts=2024-05-29T01:14:22.680Z caller=node_exporter.go:118 level=info collector=sockstat
ts=2024-05-29T01:14:22.680Z caller=node_exporter.go:118 level=info collector=softnet
ts=2024-05-29T01:14:22.680Z caller=node_exporter.go:118 level=info collector=stat
ts=2024-05-29T01:14:22.680Z caller=node_exporter.go:118 level=info collector=tapestats
ts=2024-05-29T01:14:22.680Z caller=node_exporter.go:118 level=info collector=textfile
ts=2024-05-29T01:14:22.681Z caller=node_exporter.go:118 level=info collector=thermal_zone
ts=2024-05-29T01:14:22.681Z caller=node_exporter.go:118 level=info collector=time
ts=2024-05-29T01:14:22.681Z caller=node_exporter.go:118 level=info collector=timex
ts=2024-05-29T01:14:22.681Z caller=node_exporter.go:118 level=info collector=udp_queues
ts=2024-05-29T01:14:22.681Z caller=node_exporter.go:118 level=info collector=uname
ts=2024-05-29T01:14:22.681Z caller=node_exporter.go:118 level=info collector=vmstat
ts=2024-05-29T01:14:22.681Z caller=node_exporter.go:118 level=info collector=watchdog
ts=2024-05-29T01:14:22.681Z caller=node_exporter.go:118 level=info collector=xfs
ts=2024-05-29T01:14:22.681Z caller=node_exporter.go:118 level=info collector=zfs
ts=2024-05-29T01:14:22.682Z caller=node_exporter.go:224 level=error err="listen tcp :9100: bind: address already in use"
doppler run -t dp.st.prod.Ejsclb2qEnbvJR5UC9yfSklOq57dzVaFtAz1ih9pQNs -- celery -A nhhc flower --auth=Terry.Arthur@BrooksJr.com
Using DOPPLER_CONFIG_DIR from the environment. To disable this, use --no-read-env.
/workspaces/NettHands/.venv/lib/python3.11/site-packages/django/db/backends/utils.py:98: RuntimeWarning: Accessing the database during app initialization is discouraged. To fix this warning, avoid executing queries in AppConfig.ready() or when your app modules are imported.
  warnings.warn(self.APPS_NOT_READY_WARNING_MSG, category=RuntimeWarning)
2024-05-28 20:14:57,914 INFO [flower.command] [command.py:168] [trace_id=bf6b56fce619faaf38239b71f0f6b56e span_id=0fa9a828c9bdf354 resource.service.name= trace_sampled=True] - Visit me at http://0.0.0.0:5555
2024-05-28 20:14:57,920 INFO [flower.command] [command.py:176] [trace_id=c6d375751ca35aab604a9e069b1beb3b span_id=982d90e664c32f06 resource.service.name= trace_sampled=True] - Broker: amqps://tabrook:**@b-99c9f8a9-ee8c-48fe-8ba5-7b8b083ca641.mq.us-east-2.amazonaws.com:5671//
2024-05-28 20:14:57,923 INFO [flower.command] [command.py:177] [trace_id=f4191c5a422d66b04ef07883e1786dec span_id=9372f9cd248849f9 resource.service.name= trace_sampled=True] - Registered tasks:
['celery.accumulate',
 'celery.backend_cleanup',
 'celery.chain',
 'celery.chord',
 'celery.chord_unlock',
 'celery.chunks',
 'celery.group',
 'celery.map',
 'celery.starmap',
 'compliance.tasks.process_signed_form',
 'employee.tasks.send_async_onboarding_email',
 'employee.tasks.send_async_rejection_email',
 'nhhc.celery.debug_task',
 'web.tasks.process_new_application',
 'web.tasks.process_new_client_interest']
2024-05-28 20:14:58,978 INFO [kombu.mixins] [mixins.py:228] [trace_id=70ccee7b71607e31059bcbac5181ff92 span_id=a67d5bc6e3c63d5d resource.service.name= trace_sampled=True] - Connected to amqps://tabrook:**@b-99c9f8a9-ee8c-48fe-8ba5-7b8b083ca641.mq.us-east-2.amazonaws.com:5671//
2024-05-28 20:15:00,696 WARNING [flower.inspector] [inspector.py:44] [trace_id=3335cfc0f7d70a9ddc470b8ce6d967f6 span_id=797c362e70e16b76 resource.service.name= trace_sampled=True] - Inspect method reserved failed
2024-05-28 20:15:00,716 WARNING [flower.inspector] [inspector.py:44] [trace_id=5351a51ee037c5dbfe116611ce0112d3 span_id=96d55d445b25e565 resource.service.name= trace_sampled=True] - Inspect method registered failed
2024-05-28 20:15:00,736 WARNING [flower.inspector] [inspector.py:44] [trace_id=45a8fbb7cc2dc7c62bd7b13759b957e4 span_id=9d6fbf9bab52a65f resource.service.name= trace_sampled=True] - Inspect method stats failed

Aborted!
make: *** [Makefile:69: flower] Error 1
ts=2024-06-01T01:02:09.074Z caller=node_exporter.go:193 level=info msg="Starting node_exporter" version="(version=1.8.0, branch=HEAD, revision=cadb1d1190ad95c66b951758f01ff4c94e55e6ce)"
ts=2024-06-01T01:02:09.076Z caller=node_exporter.go:194 level=info msg="Build context" build_context="(go=go1.22.2, platform=linux/arm64, user=root@587d3f12650c, date=20240424-13:16:18, tags=unknown)"
ts=2024-06-01T01:02:09.077Z caller=filesystem_common.go:111 level=info collector=filesystem msg="Parsed flag --collector.filesystem.mount-points-exclude" flag=^/(dev|proc|run/credentials/.+|sys|var/lib/docker/.+|var/lib/containers/storage/.+)($|/)
ts=2024-06-01T01:02:09.077Z caller=filesystem_common.go:113 level=info collector=filesystem msg="Parsed flag --collector.filesystem.fs-types-exclude" flag=^(autofs|binfmt_misc|bpf|cgroup2?|configfs|debugfs|devpts|devtmpfs|fusectl|hugetlbfs|iso9660|mqueue|nsfs|overlay|proc|procfs|pstore|rpc_pipefs|securityfs|selinuxfs|squashfs|sysfs|tracefs)$
ts=2024-06-01T01:02:09.077Z caller=diskstats_common.go:111 level=info collector=diskstats msg="Parsed flag --collector.diskstats.device-exclude" flag=^(z?ram|loop|fd|(h|s|v|xv)d[a-z]|nvme\d+n\d+p)\d+$
ts=2024-06-01T01:02:09.077Z caller=diskstats_linux.go:265 level=error collector=diskstats msg="Failed to open directory, disabling udev device properties" path=/run/udev/data
ts=2024-06-01T01:02:09.078Z caller=node_exporter.go:111 level=info msg="Enabled collectors"
ts=2024-06-01T01:02:09.078Z caller=node_exporter.go:118 level=info collector=arp
ts=2024-06-01T01:02:09.078Z caller=node_exporter.go:118 level=info collector=bcache
ts=2024-06-01T01:02:09.078Z caller=node_exporter.go:118 level=info collector=bonding
ts=2024-06-01T01:02:09.078Z caller=node_exporter.go:118 level=info collector=btrfs
ts=2024-06-01T01:02:09.078Z caller=node_exporter.go:118 level=info collector=conntrack
ts=2024-06-01T01:02:09.078Z caller=node_exporter.go:118 level=info collector=cpu
ts=2024-06-01T01:02:09.078Z caller=node_exporter.go:118 level=info collector=cpufreq
ts=2024-06-01T01:02:09.078Z caller=node_exporter.go:118 level=info collector=diskstats
ts=2024-06-01T01:02:09.078Z caller=node_exporter.go:118 level=info collector=dmi
ts=2024-06-01T01:02:09.078Z caller=node_exporter.go:118 level=info collector=edac
ts=2024-06-01T01:02:09.078Z caller=node_exporter.go:118 level=info collector=entropy
ts=2024-06-01T01:02:09.079Z caller=node_exporter.go:118 level=info collector=fibrechannel
ts=2024-06-01T01:02:09.079Z caller=node_exporter.go:118 level=info collector=filefd
ts=2024-06-01T01:02:09.079Z caller=node_exporter.go:118 level=info collector=filesystem
ts=2024-06-01T01:02:09.079Z caller=node_exporter.go:118 level=info collector=hwmon
ts=2024-06-01T01:02:09.079Z caller=node_exporter.go:118 level=info collector=infiniband
ts=2024-06-01T01:02:09.079Z caller=node_exporter.go:118 level=info collector=ipvs
ts=2024-06-01T01:02:09.079Z caller=node_exporter.go:118 level=info collector=loadavg
ts=2024-06-01T01:02:09.079Z caller=node_exporter.go:118 level=info collector=mdadm
ts=2024-06-01T01:02:09.079Z caller=node_exporter.go:118 level=info collector=meminfo
ts=2024-06-01T01:02:09.080Z caller=node_exporter.go:118 level=info collector=netclass
ts=2024-06-01T01:02:09.080Z caller=node_exporter.go:118 level=info collector=netdev
ts=2024-06-01T01:02:09.080Z caller=node_exporter.go:118 level=info collector=netstat
ts=2024-06-01T01:02:09.080Z caller=node_exporter.go:118 level=info collector=nfs
ts=2024-06-01T01:02:09.080Z caller=node_exporter.go:118 level=info collector=nfsd
ts=2024-06-01T01:02:09.080Z caller=node_exporter.go:118 level=info collector=nvme
ts=2024-06-01T01:02:09.080Z caller=node_exporter.go:118 level=info collector=os
ts=2024-06-01T01:02:09.080Z caller=node_exporter.go:118 level=info collector=powersupplyclass
ts=2024-06-01T01:02:09.080Z caller=node_exporter.go:118 level=info collector=pressure
ts=2024-06-01T01:02:09.081Z caller=node_exporter.go:118 level=info collector=rapl
ts=2024-06-01T01:02:09.081Z caller=node_exporter.go:118 level=info collector=schedstat
ts=2024-06-01T01:02:09.081Z caller=node_exporter.go:118 level=info collector=selinux
ts=2024-06-01T01:02:09.081Z caller=node_exporter.go:118 level=info collector=sockstat
ts=2024-06-01T01:02:09.081Z caller=node_exporter.go:118 level=info collector=softnet
ts=2024-06-01T01:02:09.081Z caller=node_exporter.go:118 level=info collector=stat
ts=2024-06-01T01:02:09.081Z caller=node_exporter.go:118 level=info collector=tapestats
ts=2024-06-01T01:02:09.081Z caller=node_exporter.go:118 level=info collector=textfile
ts=2024-06-01T01:02:09.081Z caller=node_exporter.go:118 level=info collector=thermal_zone
ts=2024-06-01T01:02:09.082Z caller=node_exporter.go:118 level=info collector=time
ts=2024-06-01T01:02:09.082Z caller=node_exporter.go:118 level=info collector=timex
ts=2024-06-01T01:02:09.082Z caller=node_exporter.go:118 level=info collector=udp_queues
ts=2024-06-01T01:02:09.082Z caller=node_exporter.go:118 level=info collector=uname
ts=2024-06-01T01:02:09.082Z caller=node_exporter.go:118 level=info collector=vmstat
ts=2024-06-01T01:02:09.082Z caller=node_exporter.go:118 level=info collector=watchdog
ts=2024-06-01T01:02:09.082Z caller=node_exporter.go:118 level=info collector=xfs
ts=2024-06-01T01:02:09.082Z caller=node_exporter.go:118 level=info collector=zfs
ts=2024-06-01T01:02:09.084Z caller=tls_config.go:313 level=info msg="Listening on" address=[::]:9100
ts=2024-06-01T01:02:09.084Z caller=tls_config.go:316 level=info msg="TLS is disabled." http2=false address=[::]:9100
ts=2024-06-01T01:15:41.948Z caller=node_exporter.go:193 level=info msg="Starting node_exporter" version="(version=1.8.0, branch=HEAD, revision=cadb1d1190ad95c66b951758f01ff4c94e55e6ce)"
ts=2024-06-01T01:15:41.950Z caller=node_exporter.go:194 level=info msg="Build context" build_context="(go=go1.22.2, platform=linux/arm64, user=root@587d3f12650c, date=20240424-13:16:18, tags=unknown)"
ts=2024-06-01T01:15:41.951Z caller=diskstats_common.go:111 level=info collector=diskstats msg="Parsed flag --collector.diskstats.device-exclude" flag=^(z?ram|loop|fd|(h|s|v|xv)d[a-z]|nvme\d+n\d+p)\d+$
ts=2024-06-01T01:15:41.951Z caller=diskstats_linux.go:265 level=error collector=diskstats msg="Failed to open directory, disabling udev device properties" path=/run/udev/data
ts=2024-06-01T01:15:41.951Z caller=filesystem_common.go:111 level=info collector=filesystem msg="Parsed flag --collector.filesystem.mount-points-exclude" flag=^/(dev|proc|run/credentials/.+|sys|var/lib/docker/.+|var/lib/containers/storage/.+)($|/)
ts=2024-06-01T01:15:41.951Z caller=filesystem_common.go:113 level=info collector=filesystem msg="Parsed flag --collector.filesystem.fs-types-exclude" flag=^(autofs|binfmt_misc|bpf|cgroup2?|configfs|debugfs|devpts|devtmpfs|fusectl|hugetlbfs|iso9660|mqueue|nsfs|overlay|proc|procfs|pstore|rpc_pipefs|securityfs|selinuxfs|squashfs|sysfs|tracefs)$
ts=2024-06-01T01:15:41.951Z caller=node_exporter.go:111 level=info msg="Enabled collectors"
ts=2024-06-01T01:15:41.952Z caller=node_exporter.go:118 level=info collector=arp
ts=2024-06-01T01:15:41.952Z caller=node_exporter.go:118 level=info collector=bcache
ts=2024-06-01T01:15:41.952Z caller=node_exporter.go:118 level=info collector=bonding
ts=2024-06-01T01:15:41.952Z caller=node_exporter.go:118 level=info collector=btrfs
ts=2024-06-01T01:15:41.952Z caller=node_exporter.go:118 level=info collector=conntrack
ts=2024-06-01T01:15:41.952Z caller=node_exporter.go:118 level=info collector=cpu
ts=2024-06-01T01:15:41.953Z caller=node_exporter.go:118 level=info collector=cpufreq
ts=2024-06-01T01:15:41.953Z caller=node_exporter.go:118 level=info collector=diskstats
ts=2024-06-01T01:15:41.953Z caller=node_exporter.go:118 level=info collector=dmi
ts=2024-06-01T01:15:41.953Z caller=node_exporter.go:118 level=info collector=edac
ts=2024-06-01T01:15:41.953Z caller=node_exporter.go:118 level=info collector=entropy
ts=2024-06-01T01:15:41.953Z caller=node_exporter.go:118 level=info collector=fibrechannel
ts=2024-06-01T01:15:41.953Z caller=node_exporter.go:118 level=info collector=filefd
ts=2024-06-01T01:15:41.954Z caller=node_exporter.go:118 level=info collector=filesystem
ts=2024-06-01T01:15:41.954Z caller=node_exporter.go:118 level=info collector=hwmon
ts=2024-06-01T01:15:41.954Z caller=node_exporter.go:118 level=info collector=infiniband
ts=2024-06-01T01:15:41.954Z caller=node_exporter.go:118 level=info collector=ipvs
ts=2024-06-01T01:15:41.954Z caller=node_exporter.go:118 level=info collector=loadavg
ts=2024-06-01T01:15:41.954Z caller=node_exporter.go:118 level=info collector=mdadm
ts=2024-06-01T01:15:41.955Z caller=node_exporter.go:118 level=info collector=meminfo
ts=2024-06-01T01:15:41.955Z caller=node_exporter.go:118 level=info collector=netclass
ts=2024-06-01T01:15:41.955Z caller=node_exporter.go:118 level=info collector=netdev
ts=2024-06-01T01:15:41.955Z caller=node_exporter.go:118 level=info collector=netstat
ts=2024-06-01T01:15:41.955Z caller=node_exporter.go:118 level=info collector=nfs
ts=2024-06-01T01:15:41.955Z caller=node_exporter.go:118 level=info collector=nfsd
ts=2024-06-01T01:15:41.956Z caller=node_exporter.go:118 level=info collector=nvme
ts=2024-06-01T01:15:41.956Z caller=node_exporter.go:118 level=info collector=os
ts=2024-06-01T01:15:41.956Z caller=node_exporter.go:118 level=info collector=powersupplyclass
ts=2024-06-01T01:15:41.956Z caller=node_exporter.go:118 level=info collector=pressure
ts=2024-06-01T01:15:41.956Z caller=node_exporter.go:118 level=info collector=rapl
ts=2024-06-01T01:15:41.956Z caller=node_exporter.go:118 level=info collector=schedstat
ts=2024-06-01T01:15:41.956Z caller=node_exporter.go:118 level=info collector=selinux
ts=2024-06-01T01:15:41.957Z caller=node_exporter.go:118 level=info collector=sockstat
ts=2024-06-01T01:15:41.957Z caller=node_exporter.go:118 level=info collector=softnet
ts=2024-06-01T01:15:41.957Z caller=node_exporter.go:118 level=info collector=stat
ts=2024-06-01T01:15:41.957Z caller=node_exporter.go:118 level=info collector=tapestats
ts=2024-06-01T01:15:41.957Z caller=node_exporter.go:118 level=info collector=textfile
ts=2024-06-01T01:15:41.957Z caller=node_exporter.go:118 level=info collector=thermal_zone
ts=2024-06-01T01:15:41.957Z caller=node_exporter.go:118 level=info collector=time
ts=2024-06-01T01:15:41.957Z caller=node_exporter.go:118 level=info collector=timex
ts=2024-06-01T01:15:41.958Z caller=node_exporter.go:118 level=info collector=udp_queues
ts=2024-06-01T01:15:41.958Z caller=node_exporter.go:118 level=info collector=uname
ts=2024-06-01T01:15:41.958Z caller=node_exporter.go:118 level=info collector=vmstat
ts=2024-06-01T01:15:41.958Z caller=node_exporter.go:118 level=info collector=watchdog
ts=2024-06-01T01:15:41.958Z caller=node_exporter.go:118 level=info collector=xfs
ts=2024-06-01T01:15:41.958Z caller=node_exporter.go:118 level=info collector=zfs
ts=2024-06-01T01:15:41.959Z caller=node_exporter.go:224 level=error err="listen tcp :9100: bind: address already in use"
ts=2024-06-01T02:14:08.238Z caller=node_exporter.go:193 level=info msg="Starting node_exporter" version="(version=1.8.0, branch=HEAD, revision=cadb1d1190ad95c66b951758f01ff4c94e55e6ce)"
ts=2024-06-01T02:14:08.239Z caller=node_exporter.go:194 level=info msg="Build context" build_context="(go=go1.22.2, platform=linux/arm64, user=root@587d3f12650c, date=20240424-13:16:18, tags=unknown)"
ts=2024-06-01T02:14:08.240Z caller=filesystem_common.go:111 level=info collector=filesystem msg="Parsed flag --collector.filesystem.mount-points-exclude" flag=^/(dev|proc|run/credentials/.+|sys|var/lib/docker/.+|var/lib/containers/storage/.+)($|/)
ts=2024-06-01T02:14:08.240Z caller=filesystem_common.go:113 level=info collector=filesystem msg="Parsed flag --collector.filesystem.fs-types-exclude" flag=^(autofs|binfmt_misc|bpf|cgroup2?|configfs|debugfs|devpts|devtmpfs|fusectl|hugetlbfs|iso9660|mqueue|nsfs|overlay|proc|procfs|pstore|rpc_pipefs|securityfs|selinuxfs|squashfs|sysfs|tracefs)$
ts=2024-06-01T02:14:08.241Z caller=diskstats_common.go:111 level=info collector=diskstats msg="Parsed flag --collector.diskstats.device-exclude" flag=^(z?ram|loop|fd|(h|s|v|xv)d[a-z]|nvme\d+n\d+p)\d+$
ts=2024-06-01T02:14:08.241Z caller=diskstats_linux.go:265 level=error collector=diskstats msg="Failed to open directory, disabling udev device properties" path=/run/udev/data
ts=2024-06-01T02:14:08.241Z caller=node_exporter.go:111 level=info msg="Enabled collectors"
ts=2024-06-01T02:14:08.242Z caller=node_exporter.go:118 level=info collector=arp
ts=2024-06-01T02:14:08.242Z caller=node_exporter.go:118 level=info collector=bcache
ts=2024-06-01T02:14:08.243Z caller=node_exporter.go:118 level=info collector=bonding
ts=2024-06-01T02:14:08.243Z caller=node_exporter.go:118 level=info collector=btrfs
ts=2024-06-01T02:14:08.243Z caller=node_exporter.go:118 level=info collector=conntrack
ts=2024-06-01T02:14:08.244Z caller=node_exporter.go:118 level=info collector=cpu
ts=2024-06-01T02:14:08.244Z caller=node_exporter.go:118 level=info collector=cpufreq
ts=2024-06-01T02:14:08.244Z caller=node_exporter.go:118 level=info collector=diskstats
ts=2024-06-01T02:14:08.244Z caller=node_exporter.go:118 level=info collector=dmi
ts=2024-06-01T02:14:08.244Z caller=node_exporter.go:118 level=info collector=edac
ts=2024-06-01T02:14:08.245Z caller=node_exporter.go:118 level=info collector=entropy
ts=2024-06-01T02:14:08.245Z caller=node_exporter.go:118 level=info collector=fibrechannel
ts=2024-06-01T02:14:08.245Z caller=node_exporter.go:118 level=info collector=filefd
ts=2024-06-01T02:14:08.245Z caller=node_exporter.go:118 level=info collector=filesystem
ts=2024-06-01T02:14:08.246Z caller=node_exporter.go:118 level=info collector=hwmon
ts=2024-06-01T02:14:08.246Z caller=node_exporter.go:118 level=info collector=infiniband
ts=2024-06-01T02:14:08.246Z caller=node_exporter.go:118 level=info collector=ipvs
ts=2024-06-01T02:14:08.246Z caller=node_exporter.go:118 level=info collector=loadavg
ts=2024-06-01T02:14:08.246Z caller=node_exporter.go:118 level=info collector=mdadm
ts=2024-06-01T02:14:08.247Z caller=node_exporter.go:118 level=info collector=meminfo
ts=2024-06-01T02:14:08.247Z caller=node_exporter.go:118 level=info collector=netclass
ts=2024-06-01T02:14:08.247Z caller=node_exporter.go:118 level=info collector=netdev
ts=2024-06-01T02:14:08.247Z caller=node_exporter.go:118 level=info collector=netstat
ts=2024-06-01T02:14:08.247Z caller=node_exporter.go:118 level=info collector=nfs
ts=2024-06-01T02:14:08.247Z caller=node_exporter.go:118 level=info collector=nfsd
ts=2024-06-01T02:14:08.247Z caller=node_exporter.go:118 level=info collector=nvme
ts=2024-06-01T02:14:08.248Z caller=node_exporter.go:118 level=info collector=os
ts=2024-06-01T02:14:08.248Z caller=node_exporter.go:118 level=info collector=powersupplyclass
ts=2024-06-01T02:14:08.248Z caller=node_exporter.go:118 level=info collector=pressure
ts=2024-06-01T02:14:08.248Z caller=node_exporter.go:118 level=info collector=rapl
ts=2024-06-01T02:14:08.248Z caller=node_exporter.go:118 level=info collector=schedstat
ts=2024-06-01T02:14:08.248Z caller=node_exporter.go:118 level=info collector=selinux
ts=2024-06-01T02:14:08.249Z caller=node_exporter.go:118 level=info collector=sockstat
ts=2024-06-01T02:14:08.249Z caller=node_exporter.go:118 level=info collector=softnet
ts=2024-06-01T02:14:08.249Z caller=node_exporter.go:118 level=info collector=stat
ts=2024-06-01T02:14:08.249Z caller=node_exporter.go:118 level=info collector=tapestats
ts=2024-06-01T02:14:08.249Z caller=node_exporter.go:118 level=info collector=textfile
ts=2024-06-01T02:14:08.249Z caller=node_exporter.go:118 level=info collector=thermal_zone
ts=2024-06-01T02:14:08.250Z caller=node_exporter.go:118 level=info collector=time
ts=2024-06-01T02:14:08.250Z caller=node_exporter.go:118 level=info collector=timex
ts=2024-06-01T02:14:08.250Z caller=node_exporter.go:118 level=info collector=udp_queues
ts=2024-06-01T02:14:08.250Z caller=node_exporter.go:118 level=info collector=uname
ts=2024-06-01T02:14:08.250Z caller=node_exporter.go:118 level=info collector=vmstat
ts=2024-06-01T02:14:08.250Z caller=node_exporter.go:118 level=info collector=watchdog
ts=2024-06-01T02:14:08.251Z caller=node_exporter.go:118 level=info collector=xfs
ts=2024-06-01T02:14:08.251Z caller=node_exporter.go:118 level=info collector=zfs
ts=2024-06-01T02:14:08.251Z caller=node_exporter.go:224 level=error err="listen tcp :9100: bind: address already in use"
